[2023-11-04 14:43:45.603] [info] Using configuration file /etc/xdg/waybar/config
[2023-11-04 14:43:45.604] [info] Unable to receive desktop appearance: GDBus.Error:org.freedesktop.DBus.Error.UnknownMethod: No such interface “org.freedesktop.portal.Settings” on object at path /org/freedesktop/portal/desktop
[2023-11-04 14:43:45.604] [info] Using CSS file /etc/xdg/waybar/style.css
[2023-11-04 14:43:45.611] [warning] module sway/workspaces: Disabling module "sway/workspaces", Socket path is empty
[2023-11-04 14:43:45.614] [warning] module sway/mode: Disabling module "sway/mode", Socket path is empty
[2023-11-04 14:43:45.616] [warning] module sway/scratchpad: Disabling module "sway/scratchpad", Socket path is empty
[2023-11-04 14:43:45.620] [error] media stopped unexpectedly, is it endless?
[2023-11-04 14:43:45.621] [warning] module sway/window: Disabling module "sway/window", Socket path is empty
[2023-11-04 14:43:45.623] [warning] module backlight: Disabling module "backlight", No backlight found
[2023-11-04 14:43:45.623] [warning] Can't create libevdev device: EINVAL Invalid argument
[2023-11-04 14:43:45.623] [warning] Can't open /dev/input/event19 (are you in the input group?): EACCES Permission denied
[2023-11-04 14:43:45.623] [warning] Can't open /dev/input/event18 (are you in the input group?): EACCES Permission denied
[2023-11-04 14:43:45.623] [warning] Can't open /dev/input/event17 (are you in the input group?): EACCES Permission denied
[2023-11-04 14:43:45.623] [warning] Can't open /dev/input/event16 (are you in the input group?): EACCES Permission denied
[2023-11-04 14:43:45.623] [warning] Can't open /dev/input/event15 (are you in the input group?): EACCES Permission denied
[2023-11-04 14:43:45.623] [warning] Can't open /dev/input/event14 (are you in the input group?): EACCES Permission denied
[2023-11-04 14:43:45.624] [warning] Can't open /dev/input/event13 (are you in the input group?): EACCES Permission denied
[2023-11-04 14:43:45.624] [warning] Can't open /dev/input/event12 (are you in the input group?): EACCES Permission denied
[2023-11-04 14:43:45.624] [warning] Can't open /dev/input/event11 (are you in the input group?): EACCES Permission denied
[2023-11-04 14:43:45.624] [warning] Can't open /dev/input/event10 (are you in the input group?): EACCES Permission denied
[2023-11-04 14:43:45.624] [warning] Can't open /dev/input/event9 (are you in the input group?): EACCES Permission denied
[2023-11-04 14:43:45.624] [warning] Can't open /dev/input/event6 (are you in the input group?): EACCES Permission denied
[2023-11-04 14:43:45.624] [warning] Can't open /dev/input/event8 (are you in the input group?): EACCES Permission denied
[2023-11-04 14:43:45.624] [warning] Can't open /dev/input/event5 (are you in the input group?): EACCES Permission denied
[2023-11-04 14:43:45.624] [warning] Can't open /dev/input/event7 (are you in the input group?): EACCES Permission denied
[2023-11-04 14:43:45.624] [warning] Can't open /dev/input/event4 (are you in the input group?): EACCES Permission denied
[2023-11-04 14:43:45.624] [warning] Can't open /dev/input/mouse0 (are you in the input group?): EACCES Permission denied
[2023-11-04 14:43:45.624] [warning] Can't open /dev/input/mice (are you in the input group?): EACCES Permission denied
[2023-11-04 14:43:45.624] [warning] Can't open /dev/input/event3 (are you in the input group?): EACCES Permission denied
[2023-11-04 14:43:45.624] [warning] Can't open /dev/input/event2 (are you in the input group?): EACCES Permission denied
[2023-11-04 14:43:45.624] [warning] Can't open /dev/input/event1 (are you in the input group?): EACCES Permission denied
[2023-11-04 14:43:45.624] [warning] Can't open /dev/input/event0 (are you in the input group?): EACCES Permission denied
[2023-11-04 14:43:45.624] [warning] module keyboard-state: Disabling module "keyboard-state", Failed to find keyboard device: EACCES Permission denied
[2023-11-04 14:43:45.626] [warning] module sway/language: Disabling module "sway/language", Socket path is empty
[2023-11-04 14:43:45.626] [warning] No batteries.
[2023-11-04 14:43:45.626] [warning] No battery named BAT2
[2023-11-04 14:43:45.740] [info] Bar configured (width: 1920, height: 30) for output: HDMI-A-1
[2023-11-04 14:43:46.625] [error] mpd: Failed to connect to MPD: Connection refused
[2023-11-04 14:43:48.629] [error] mpd: Failed to connect to MPD: Connection refused
[2023-11-04 14:43:50.630] [error] mpd: Failed to connect to MPD: Connection refused
[2023-11-04 14:43:52.632] [error] mpd: Failed to connect to MPD: Connection refused
[2023-11-04 14:43:54.633] [error] mpd: Failed to connect to MPD: Connection refused
[2023-11-04 14:43:56.637] [error] mpd: Failed to connect to MPD: Connection refused
[2023-11-04 14:43:58.639] [error] mpd: Failed to connect to MPD: Connection refused
[2023-11-04 14:44:00.641] [error] mpd: Failed to connect to MPD: Connection refused
[2023-11-04 14:44:02.643] [error] mpd: Failed to connect to MPD: Connection refused
[2023-11-04 14:44:04.644] [error] mpd: Failed to connect to MPD: Connection refused
[2023-11-04 14:44:06.645] [error] mpd: Failed to connect to MPD: Connection refused
[2023-11-04 14:44:08.651] [error] mpd: Failed to connect to MPD: Connection refused
[2023-11-04 14:44:10.652] [error] mpd: Failed to connect to MPD: Connection refused
[2023-11-04 14:44:12.654] [error] mpd: Failed to connect to MPD: Connection refused
[2023-11-04 14:44:14.655] [error] mpd: Failed to connect to MPD: Connection refused
sh: line 1: pavucontrol: command not found
[2023-11-04 14:44:16.658] [error] mpd: Failed to connect to MPD: Connection refused
sh: line 1: pavucontrol: command not found
[2023-11-04 14:44:18.660] [error] mpd: Failed to connect to MPD: Connection refused
[2023-11-04 14:44:20.661] [error] mpd: Failed to connect to MPD: Connection refused
[2023-11-04 14:44:22.664] [error] mpd: Failed to connect to MPD: Connection refused
[2023-11-04 14:44:24.668] [error] mpd: Failed to connect to MPD: Connection refused
[2023-11-04 14:44:26.669] [error] mpd: Failed to connect to MPD: Connection refused
[2023-11-04 14:44:28.670] [error] mpd: Failed to connect to MPD: Connection refused
[2023-11-04 14:44:30.673] [error] mpd: Failed to connect to MPD: Connection refused
[2023-11-04 14:44:32.676] [error] mpd: Failed to connect to MPD: Connection refused
[2023-11-04 14:44:34.680] [error] mpd: Failed to connect to MPD: Connection refused
[2023-11-04 14:44:36.682] [error] mpd: Failed to connect to MPD: Connection refused
[2023-11-04 14:44:38.684] [error] mpd: Failed to connect to MPD: Connection refused
[2023-11-04 14:44:40.687] [error] mpd: Failed to connect to MPD: Connection refused
[2023-11-04 14:44:42.689] [error] mpd: Failed to connect to MPD: Connection refused
[2023-11-04 14:44:44.692] [error] mpd: Failed to connect to MPD: Connection refused
[2023-11-04 14:44:46.693] [error] mpd: Failed to connect to MPD: Connection refused
[2023-11-04 14:44:48.694] [error] mpd: Failed to connect to MPD: Connection refused
[2023-11-04 14:44:50.697] [error] mpd: Failed to connect to MPD: Connection refused
[2023-11-04 14:44:52.699] [error] mpd: Failed to connect to MPD: Connection refused
[2023-11-04 14:44:54.700] [error] mpd: Failed to connect to MPD: Connection refused
[2023-11-04 14:44:56.702] [error] mpd: Failed to connect to MPD: Connection refused
[2023-11-04 14:44:58.704] [error] mpd: Failed to connect to MPD: Connection refused
[2023-11-04 14:45:00.705] [error] mpd: Failed to connect to MPD: Connection refused
[2023-11-04 14:45:02.707] [error] mpd: Failed to connect to MPD: Connection refused
[2023-11-04 14:45:04.709] [error] mpd: Failed to connect to MPD: Connection refused
[2023-11-04 14:45:06.710] [error] mpd: Failed to connect to MPD: Connection refused
[2023-11-04 14:45:08.713] [error] mpd: Failed to connect to MPD: Connection refused
[2023-11-04 14:45:10.714] [error] mpd: Failed to connect to MPD: Connection refused
[2023-11-04 14:45:12.716] [error] mpd: Failed to connect to MPD: Connection refused
[2023-11-04 14:45:14.717] [error] mpd: Failed to connect to MPD: Connection refused
[2023-11-04 14:45:16.719] [error] mpd: Failed to connect to MPD: Connection refused
[2023-11-04 14:45:18.721] [error] mpd: Failed to connect to MPD: Connection refused
[2023-11-04 14:45:20.724] [error] mpd: Failed to connect to MPD: Connection refused
[2023-11-04 14:45:22.727] [error] mpd: Failed to connect to MPD: Connection refused
[2023-11-04 14:45:24.730] [error] mpd: Failed to connect to MPD: Connection refused
[2023-11-04 14:45:26.732] [error] mpd: Failed to connect to MPD: Connection refused
[2023-11-04 14:45:28.734] [error] mpd: Failed to connect to MPD: Connection refused
[2023-11-04 14:45:30.736] [error] mpd: Failed to connect to MPD: Connection refused
[2023-11-04 14:45:32.739] [error] mpd: Failed to connect to MPD: Connection refused
[2023-11-04 14:45:34.740] [error] mpd: Failed to connect to MPD: Connection refused
[2023-11-04 14:45:36.742] [error] mpd: Failed to connect to MPD: Connection refused
[2023-11-04 14:45:38.744] [error] mpd: Failed to connect to MPD: Connection refused
[2023-11-04 14:45:40.746] [error] mpd: Failed to connect to MPD: Connection refused
[2023-11-04 14:45:42.747] [error] mpd: Failed to connect to MPD: Connection refused
[2023-11-04 14:45:44.749] [error] mpd: Failed to connect to MPD: Connection refused
[2023-11-04 14:45:46.752] [error] mpd: Failed to connect to MPD: Connection refused
[2023-11-04 14:45:48.754] [error] mpd: Failed to connect to MPD: Connection refused
[2023-11-04 14:45:50.756] [error] mpd: Failed to connect to MPD: Connection refused
[2023-11-04 14:45:52.757] [error] mpd: Failed to connect to MPD: Connection refused
[2023-11-04 14:45:54.759] [error] mpd: Failed to connect to MPD: Connection refused
[2023-11-04 14:45:56.762] [error] mpd: Failed to connect to MPD: Connection refused
[2023-11-04 14:45:58.763] [error] mpd: Failed to connect to MPD: Connection refused
[2023-11-04 14:46:00.766] [error] mpd: Failed to connect to MPD: Connection refused
[2023-11-04 14:46:02.769] [error] mpd: Failed to connect to MPD: Connection refused
[2023-11-04 14:46:04.773] [error] mpd: Failed to connect to MPD: Connection refused
[2023-11-04 14:46:06.776] [error] mpd: Failed to connect to MPD: Connection refused
[2023-11-04 14:46:08.780] [error] mpd: Failed to connect to MPD: Connection refused
[2023-11-04 14:46:10.783] [error] mpd: Failed to connect to MPD: Connection refused
[2023-11-04 14:46:12.787] [error] mpd: Failed to connect to MPD: Connection refused
[2023-11-04 14:46:14.790] [error] mpd: Failed to connect to MPD: Connection refused
[2023-11-04 14:46:16.792] [error] mpd: Failed to connect to MPD: Connection refused
[2023-11-04 14:46:18.794] [error] mpd: Failed to connect to MPD: Connection refused
[2023-11-04 14:46:20.797] [error] mpd: Failed to connect to MPD: Connection refused
[2023-11-04 14:46:22.800] [error] mpd: Failed to connect to MPD: Connection refused
[2023-11-04 14:46:24.801] [error] mpd: Failed to connect to MPD: Connection refused
[2023-11-04 14:46:26.804] [error] mpd: Failed to connect to MPD: Connection refused
[2023-11-04 14:46:28.804] [error] mpd: Failed to connect to MPD: Connection refused
[2023-11-04 14:46:30.808] [error] mpd: Failed to connect to MPD: Connection refused
[2023-11-04 14:46:32.810] [error] mpd: Failed to connect to MPD: Connection refused
[2023-11-04 14:46:34.813] [error] mpd: Failed to connect to MPD: Connection refused
[2023-11-04 14:46:36.815] [error] mpd: Failed to connect to MPD: Connection refused
[2023-11-04 14:46:38.818] [error] mpd: Failed to connect to MPD: Connection refused
[2023-11-04 14:46:40.820] [error] mpd: Failed to connect to MPD: Connection refused
[2023-11-04 14:46:42.820] [error] mpd: Failed to connect to MPD: Connection refused
[2023-11-04 14:46:44.823] [error] mpd: Failed to connect to MPD: Connection refused
[2023-11-04 14:46:46.825] [error] mpd: Failed to connect to MPD: Connection refused
[2023-11-04 14:46:48.827] [error] mpd: Failed to connect to MPD: Connection refused
[2023-11-04 14:46:50.830] [error] mpd: Failed to connect to MPD: Connection refused
[2023-11-04 14:46:52.830] [error] mpd: Failed to connect to MPD: Connection refused
[2023-11-04 14:46:54.831] [error] mpd: Failed to connect to MPD: Connection refused
[2023-11-04 14:46:56.833] [error] mpd: Failed to connect to MPD: Connection refused
[2023-11-04 14:46:58.835] [error] mpd: Failed to connect to MPD: Connection refused
[2023-11-04 14:47:00.837] [error] mpd: Failed to connect to MPD: Connection refused
[2023-11-04 14:47:02.840] [error] mpd: Failed to connect to MPD: Connection refused
[2023-11-04 14:47:04.842] [error] mpd: Failed to connect to MPD: Connection refused
[2023-11-04 14:47:06.844] [error] mpd: Failed to connect to MPD: Connection refused
[2023-11-04 14:47:08.846] [error] mpd: Failed to connect to MPD: Connection refused
[2023-11-04 14:47:10.847] [error] mpd: Failed to connect to MPD: Connection refused
[2023-11-04 14:47:12.849] [error] mpd: Failed to connect to MPD: Connection refused
[2023-11-04 14:47:14.850] [error] mpd: Failed to connect to MPD: Connection refused
[2023-11-04 14:47:16.852] [error] mpd: Failed to connect to MPD: Connection refused
[2023-11-04 14:47:18.855] [error] mpd: Failed to connect to MPD: Connection refused
[2023-11-04 14:47:20.857] [error] mpd: Failed to connect to MPD: Connection refused
[2023-11-04 14:47:22.859] [error] mpd: Failed to connect to MPD: Connection refused
[2023-11-04 14:47:24.860] [error] mpd: Failed to connect to MPD: Connection refused
[2023-11-04 14:47:26.864] [error] mpd: Failed to connect to MPD: Connection refused
[2023-11-04 14:47:28.866] [error] mpd: Failed to connect to MPD: Connection refused
[2023-11-04 14:47:30.867] [error] mpd: Failed to connect to MPD: Connection refused
[2023-11-04 14:47:32.869] [error] mpd: Failed to connect to MPD: Connection refused
[2023-11-04 14:47:34.870] [error] mpd: Failed to connect to MPD: Connection refused
[2023-11-04 14:47:36.873] [error] mpd: Failed to connect to MPD: Connection refused
[2023-11-04 14:47:38.874] [error] mpd: Failed to connect to MPD: Connection refused
[2023-11-04 14:47:40.877] [error] mpd: Failed to connect to MPD: Connection refused
[2023-11-04 14:47:42.880] [error] mpd: Failed to connect to MPD: Connection refused
[2023-11-04 14:47:44.882] [error] mpd: Failed to connect to MPD: Connection refused
[2023-11-04 14:47:46.886] [error] mpd: Failed to connect to MPD: Connection refused
[2023-11-04 14:47:48.889] [error] mpd: Failed to connect to MPD: Connection refused
[2023-11-04 14:47:50.892] [error] mpd: Failed to connect to MPD: Connection refused
[2023-11-04 14:47:52.895] [error] mpd: Failed to connect to MPD: Connection refused
[2023-11-04 14:47:54.897] [error] mpd: Failed to connect to MPD: Connection refused
[2023-11-04 14:47:56.899] [error] mpd: Failed to connect to MPD: Connection refused
[2023-11-04 14:47:58.902] [error] mpd: Failed to connect to MPD: Connection refused
[2023-11-04 14:48:00.905] [error] mpd: Failed to connect to MPD: Connection refused
[2023-11-04 14:48:02.909] [error] mpd: Failed to connect to MPD: Connection refused
[2023-11-04 14:48:04.912] [error] mpd: Failed to connect to MPD: Connection refused
[2023-11-04 14:48:06.915] [error] mpd: Failed to connect to MPD: Connection refused
[2023-11-04 14:48:08.919] [error] mpd: Failed to connect to MPD: Connection refused
[2023-11-04 14:48:10.923] [error] mpd: Failed to connect to MPD: Connection refused
[2023-11-04 14:48:12.926] [error] mpd: Failed to connect to MPD: Connection refused
[2023-11-04 14:48:14.930] [error] mpd: Failed to connect to MPD: Connection refused
[2023-11-04 14:48:16.933] [error] mpd: Failed to connect to MPD: Connection refused
[2023-11-04 14:48:18.936] [error] mpd: Failed to connect to MPD: Connection refused
[2023-11-04 14:48:20.940] [error] mpd: Failed to connect to MPD: Connection refused
[2023-11-04 14:48:22.944] [error] mpd: Failed to connect to MPD: Connection refused
[2023-11-04 14:48:24.947] [error] mpd: Failed to connect to MPD: Connection refused
[2023-11-04 14:48:26.951] [error] mpd: Failed to connect to MPD: Connection refused
[2023-11-04 14:48:28.954] [error] mpd: Failed to connect to MPD: Connection refused
[2023-11-04 14:48:30.958] [error] mpd: Failed to connect to MPD: Connection refused
[2023-11-04 14:48:32.961] [error] mpd: Failed to connect to MPD: Connection refused
[2023-11-04 14:48:34.965] [error] mpd: Failed to connect to MPD: Connection refused
[2023-11-04 14:48:36.967] [error] mpd: Failed to connect to MPD: Connection refused
[2023-11-04 14:48:38.969] [error] mpd: Failed to connect to MPD: Connection refused
[2023-11-04 14:48:40.970] [error] mpd: Failed to connect to MPD: Connection refused
[2023-11-04 14:48:42.971] [error] mpd: Failed to connect to MPD: Connection refused
[2023-11-04 14:48:44.973] [error] mpd: Failed to connect to MPD: Connection refused
[2023-11-04 14:48:46.975] [error] mpd: Failed to connect to MPD: Connection refused
[2023-11-04 14:48:48.977] [error] mpd: Failed to connect to MPD: Connection refused
[2023-11-04 14:48:50.979] [error] mpd: Failed to connect to MPD: Connection refused
[2023-11-04 14:48:52.980] [error] mpd: Failed to connect to MPD: Connection refused
[2023-11-04 14:48:54.981] [error] mpd: Failed to connect to MPD: Connection refused
[2023-11-04 14:48:56.984] [error] mpd: Failed to connect to MPD: Connection refused
[2023-11-04 14:48:58.988] [error] mpd: Failed to connect to MPD: Connection refused
[2023-11-04 14:49:00.990] [error] mpd: Failed to connect to MPD: Connection refused
[2023-11-04 14:49:02.992] [error] mpd: Failed to connect to MPD: Connection refused
[2023-11-04 14:49:04.994] [error] mpd: Failed to connect to MPD: Connection refused
[2023-11-04 14:49:06.997] [error] mpd: Failed to connect to MPD: Connection refused
[2023-11-04 14:49:09.000] [error] mpd: Failed to connect to MPD: Connection refused
[2023-11-04 14:49:11.000] [error] mpd: Failed to connect to MPD: Connection refused
[2023-11-04 14:49:13.003] [error] mpd: Failed to connect to MPD: Connection refused
[2023-11-04 14:49:15.005] [error] mpd: Failed to connect to MPD: Connection refused
[2023-11-04 14:49:17.009] [error] mpd: Failed to connect to MPD: Connection refused
[2023-11-04 14:49:19.010] [error] mpd: Failed to connect to MPD: Connection refused
[2023-11-04 14:49:21.013] [error] mpd: Failed to connect to MPD: Connection refused
[2023-11-04 14:49:23.014] [error] mpd: Failed to connect to MPD: Connection refused
[2023-11-04 14:49:25.016] [error] mpd: Failed to connect to MPD: Connection refused
[2023-11-04 14:49:27.019] [error] mpd: Failed to connect to MPD: Connection refused
[2023-11-04 14:49:29.020] [error] mpd: Failed to connect to MPD: Connection refused
[2023-11-04 14:49:31.023] [error] mpd: Failed to connect to MPD: Connection refused
[2023-11-04 14:49:33.026] [error] mpd: Failed to connect to MPD: Connection refused
[2023-11-04 14:49:35.029] [error] mpd: Failed to connect to MPD: Connection refused
[2023-11-04 14:49:37.030] [error] mpd: Failed to connect to MPD: Connection refused
[2023-11-04 14:49:39.033] [error] mpd: Failed to connect to MPD: Connection refused
[2023-11-04 14:49:41.035] [error] mpd: Failed to connect to MPD: Connection refused
[2023-11-04 14:49:43.039] [error] mpd: Failed to connect to MPD: Connection refused
[2023-11-04 14:49:45.040] [error] mpd: Failed to connect to MPD: Connection refused
[2023-11-04 14:49:47.044] [error] mpd: Failed to connect to MPD: Connection refused
[2023-11-04 14:49:49.047] [error] mpd: Failed to connect to MPD: Connection refused
[2023-11-04 14:49:51.051] [error] mpd: Failed to connect to MPD: Connection refused
[2023-11-04 14:49:53.054] [error] mpd: Failed to connect to MPD: Connection refused
[2023-11-04 14:49:55.057] [error] mpd: Failed to connect to MPD: Connection refused
[2023-11-04 14:49:57.060] [error] mpd: Failed to connect to MPD: Connection refused
[2023-11-04 14:49:59.063] [error] mpd: Failed to connect to MPD: Connection refused
[2023-11-04 14:50:01.065] [error] mpd: Failed to connect to MPD: Connection refused
[2023-11-04 14:50:03.067] [error] mpd: Failed to connect to MPD: Connection refused
[2023-11-04 14:50:05.069] [error] mpd: Failed to connect to MPD: Connection refused
[2023-11-04 14:50:07.072] [error] mpd: Failed to connect to MPD: Connection refused
[2023-11-04 14:50:09.074] [error] mpd: Failed to connect to MPD: Connection refused
[2023-11-04 14:50:11.076] [error] mpd: Failed to connect to MPD: Connection refused
[2023-11-04 14:50:13.078] [error] mpd: Failed to connect to MPD: Connection refused
[2023-11-04 14:50:15.080] [error] mpd: Failed to connect to MPD: Connection refused
[2023-11-04 14:50:17.084] [error] mpd: Failed to connect to MPD: Connection refused
[2023-11-04 14:50:19.088] [error] mpd: Failed to connect to MPD: Connection refused
[2023-11-04 14:50:21.090] [error] mpd: Failed to connect to MPD: Connection refused
[2023-11-04 14:50:23.091] [error] mpd: Failed to connect to MPD: Connection refused
[2023-11-04 14:50:25.093] [error] mpd: Failed to connect to MPD: Connection refused
[2023-11-04 14:50:27.096] [error] mpd: Failed to connect to MPD: Connection refused
[2023-11-04 14:50:29.099] [error] mpd: Failed to connect to MPD: Connection refused
[2023-11-04 14:50:31.100] [error] mpd: Failed to connect to MPD: Connection refused
[2023-11-04 14:50:33.103] [error] mpd: Failed to connect to MPD: Connection refused
[2023-11-04 14:50:35.105] [error] mpd: Failed to connect to MPD: Connection refused
[2023-11-04 14:50:37.108] [error] mpd: Failed to connect to MPD: Connection refused
[2023-11-04 14:50:39.110] [error] mpd: Failed to connect to MPD: Connection refused
[2023-11-04 14:50:41.113] [error] mpd: Failed to connect to MPD: Connection refused
[2023-11-04 14:50:43.114] [error] mpd: Failed to connect to MPD: Connection refused
[2023-11-04 14:50:45.116] [error] mpd: Failed to connect to MPD: Connection refused
[2023-11-04 14:50:47.119] [error] mpd: Failed to connect to MPD: Connection refused
[2023-11-04 14:50:49.121] [error] mpd: Failed to connect to MPD: Connection refused
[2023-11-04 14:50:51.124] [error] mpd: Failed to connect to MPD: Connection refused
[2023-11-04 14:50:53.126] [error] mpd: Failed to connect to MPD: Connection refused
[2023-11-04 14:50:55.127] [error] mpd: Failed to connect to MPD: Connection refused
[2023-11-04 14:50:57.129] [error] mpd: Failed to connect to MPD: Connection refused
[2023-11-04 14:50:59.132] [error] mpd: Failed to connect to MPD: Connection refused
[2023-11-04 14:51:01.134] [error] mpd: Failed to connect to MPD: Connection refused
[2023-11-04 14:51:03.136] [error] mpd: Failed to connect to MPD: Connection refused
[2023-11-04 14:51:05.139] [error] mpd: Failed to connect to MPD: Connection refused
[2023-11-04 14:51:07.143] [error] mpd: Failed to connect to MPD: Connection refused
[2023-11-04 14:51:09.146] [error] mpd: Failed to connect to MPD: Connection refused
[2023-11-04 14:51:11.151] [error] mpd: Failed to connect to MPD: Connection refused
[2023-11-04 14:51:13.153] [error] mpd: Failed to connect to MPD: Connection refused
[2023-11-04 14:51:15.156] [error] mpd: Failed to connect to MPD: Connection refused
[2023-11-04 14:51:17.157] [error] mpd: Failed to connect to MPD: Connection refused
[2023-11-04 14:51:19.159] [error] mpd: Failed to connect to MPD: Connection refused
[2023-11-04 14:51:21.160] [error] mpd: Failed to connect to MPD: Connection refused
[2023-11-04 14:51:23.164] [error] mpd: Failed to connect to MPD: Connection refused
[2023-11-04 14:51:25.168] [error] mpd: Failed to connect to MPD: Connection refused
[2023-11-04 14:51:27.170] [error] mpd: Failed to connect to MPD: Connection refused
[2023-11-04 14:51:29.172] [error] mpd: Failed to connect to MPD: Connection refused
[2023-11-04 14:51:31.173] [error] mpd: Failed to connect to MPD: Connection refused
[2023-11-04 14:51:33.176] [error] mpd: Failed to connect to MPD: Connection refused
[2023-11-04 14:51:35.177] [error] mpd: Failed to connect to MPD: Connection refused
[2023-11-04 14:51:37.180] [error] mpd: Failed to connect to MPD: Connection refused
[2023-11-04 14:51:39.182] [error] mpd: Failed to connect to MPD: Connection refused
[2023-11-04 14:51:41.184] [error] mpd: Failed to connect to MPD: Connection refused
[2023-11-04 14:51:43.186] [error] mpd: Failed to connect to MPD: Connection refused
[2023-11-04 14:51:45.187] [error] mpd: Failed to connect to MPD: Connection refused
[2023-11-04 14:51:47.190] [error] mpd: Failed to connect to MPD: Connection refused
[2023-11-04 14:51:49.192] [error] mpd: Failed to connect to MPD: Connection refused
[2023-11-04 14:51:51.194] [error] mpd: Failed to connect to MPD: Connection refused
[2023-11-04 14:51:53.197] [error] mpd: Failed to connect to MPD: Connection refused
[2023-11-04 14:51:55.200] [error] mpd: Failed to connect to MPD: Connection refused
[2023-11-04 14:51:57.203] [error] mpd: Failed to connect to MPD: Connection refused
[2023-11-04 14:51:59.205] [error] mpd: Failed to connect to MPD: Connection refused
[2023-11-04 14:52:01.207] [error] mpd: Failed to connect to MPD: Connection refused
[2023-11-04 14:52:03.209] [error] mpd: Failed to connect to MPD: Connection refused
[2023-11-04 14:52:05.210] [error] mpd: Failed to connect to MPD: Connection refused
[2023-11-04 14:52:07.213] [error] mpd: Failed to connect to MPD: Connection refused
[2023-11-04 14:52:09.214] [error] mpd: Failed to connect to MPD: Connection refused
[2023-11-04 14:52:11.216] [error] mpd: Failed to connect to MPD: Connection refused
[2023-11-04 14:52:13.219] [error] mpd: Failed to connect to MPD: Connection refused
[2023-11-04 14:52:15.220] [error] mpd: Failed to connect to MPD: Connection refused
[2023-11-04 14:52:17.223] [error] mpd: Failed to connect to MPD: Connection refused
[2023-11-04 14:52:19.225] [error] mpd: Failed to connect to MPD: Connection refused
[2023-11-04 14:52:21.227] [error] mpd: Failed to connect to MPD: Connection refused
[2023-11-04 14:52:23.229] [error] mpd: Failed to connect to MPD: Connection refused
[2023-11-04 14:52:25.230] [error] mpd: Failed to connect to MPD: Connection refused
[2023-11-04 14:52:27.232] [error] mpd: Failed to connect to MPD: Connection refused
[2023-11-04 14:52:29.234] [error] mpd: Failed to connect to MPD: Connection refused
[2023-11-04 14:52:31.236] [error] mpd: Failed to connect to MPD: Connection refused
[2023-11-04 14:52:33.237] [error] mpd: Failed to connect to MPD: Connection refused
[2023-11-04 14:52:35.239] [error] mpd: Failed to connect to MPD: Connection refused
[2023-11-04 14:52:37.242] [error] mpd: Failed to connect to MPD: Connection refused
[2023-11-04 14:52:39.244] [error] mpd: Failed to connect to MPD: Connection refused
[2023-11-04 14:52:41.246] [error] mpd: Failed to connect to MPD: Connection refused
[2023-11-04 14:52:43.247] [error] mpd: Failed to connect to MPD: Connection refused
[2023-11-04 14:52:45.249] [error] mpd: Failed to connect to MPD: Connection refused
[2023-11-04 14:52:47.250] [error] mpd: Failed to connect to MPD: Connection refused
[2023-11-04 14:52:49.251] [error] mpd: Failed to connect to MPD: Connection refused
[2023-11-04 14:52:51.254] [error] mpd: Failed to connect to MPD: Connection refused
[2023-11-04 14:52:53.256] [error] mpd: Failed to connect to MPD: Connection refused
[2023-11-04 14:52:55.259] [error] mpd: Failed to connect to MPD: Connection refused
[2023-11-04 14:52:57.261] [error] mpd: Failed to connect to MPD: Connection refused
[2023-11-04 14:52:59.264] [error] mpd: Failed to connect to MPD: Connection refused
[2023-11-04 14:53:01.266] [error] mpd: Failed to connect to MPD: Connection refused
[2023-11-04 14:53:03.268] [error] mpd: Failed to connect to MPD: Connection refused
[2023-11-04 14:53:05.270] [error] mpd: Failed to connect to MPD: Connection refused
[2023-11-04 14:53:07.273] [error] mpd: Failed to connect to MPD: Connection refused
[2023-11-04 14:53:09.273] [error] mpd: Failed to connect to MPD: Connection refused
[2023-11-04 14:53:11.276] [error] mpd: Failed to connect to MPD: Connection refused
[2023-11-04 14:53:13.277] [error] mpd: Failed to connect to MPD: Connection refused
[2023-11-04 14:53:15.279] [error] mpd: Failed to connect to MPD: Connection refused
[2023-11-04 14:53:17.281] [error] mpd: Failed to connect to MPD: Connection refused
[2023-11-04 14:53:19.284] [error] mpd: Failed to connect to MPD: Connection refused
[2023-11-04 14:53:21.284] [error] mpd: Failed to connect to MPD: Connection refused
[2023-11-04 14:53:23.285] [error] mpd: Failed to connect to MPD: Connection refused
[2023-11-04 14:53:25.287] [error] mpd: Failed to connect to MPD: Connection refused
[2023-11-04 14:53:27.288] [error] mpd: Failed to connect to MPD: Connection refused
[2023-11-04 14:53:29.290] [error] mpd: Failed to connect to MPD: Connection refused
[2023-11-04 14:53:31.291] [error] mpd: Failed to connect to MPD: Connection refused
[2023-11-04 14:53:33.293] [error] mpd: Failed to connect to MPD: Connection refused
[2023-11-04 14:53:35.296] [error] mpd: Failed to connect to MPD: Connection refused
[2023-11-04 14:53:37.299] [error] mpd: Failed to connect to MPD: Connection refused
[2023-11-04 14:53:39.301] [error] mpd: Failed to connect to MPD: Connection refused
[2023-11-04 14:53:41.303] [error] mpd: Failed to connect to MPD: Connection refused
[2023-11-04 14:53:43.306] [error] mpd: Failed to connect to MPD: Connection refused
[2023-11-04 14:53:45.308] [error] mpd: Failed to connect to MPD: Connection refused
[2023-11-04 14:53:47.310] [error] mpd: Failed to connect to MPD: Connection refused
[2023-11-04 14:53:49.313] [error] mpd: Failed to connect to MPD: Connection refused
[2023-11-04 14:53:51.313] [error] mpd: Failed to connect to MPD: Connection refused
[2023-11-04 14:53:53.316] [error] mpd: Failed to connect to MPD: Connection refused
[2023-11-04 14:53:55.318] [error] mpd: Failed to connect to MPD: Connection refused
[2023-11-04 14:53:57.321] [error] mpd: Failed to connect to MPD: Connection refused
[2023-11-04 14:53:59.323] [error] mpd: Failed to connect to MPD: Connection refused
[2023-11-04 14:54:01.325] [error] mpd: Failed to connect to MPD: Connection refused
[2023-11-04 14:54:03.327] [error] mpd: Failed to connect to MPD: Connection refused
[2023-11-04 14:54:05.331] [error] mpd: Failed to connect to MPD: Connection refused
[2023-11-04 14:54:07.335] [error] mpd: Failed to connect to MPD: Connection refused
[2023-11-04 14:54:09.338] [error] mpd: Failed to connect to MPD: Connection refused
[2023-11-04 14:54:11.341] [error] mpd: Failed to connect to MPD: Connection refused
[2023-11-04 14:54:13.345] [error] mpd: Failed to connect to MPD: Connection refused
[2023-11-04 14:54:15.348] [error] mpd: Failed to connect to MPD: Connection refused
[2023-11-04 14:54:17.350] [error] mpd: Failed to connect to MPD: Connection refused
[2023-11-04 14:54:19.353] [error] mpd: Failed to connect to MPD: Connection refused
[2023-11-04 14:54:21.353] [error] mpd: Failed to connect to MPD: Connection refused
[2023-11-04 14:54:23.355] [error] mpd: Failed to connect to MPD: Connection refused
[2023-11-04 14:54:25.358] [error] mpd: Failed to connect to MPD: Connection refused
[2023-11-04 14:54:27.360] [error] mpd: Failed to connect to MPD: Connection refused
[2023-11-04 14:54:29.363] [error] mpd: Failed to connect to MPD: Connection refused
[2023-11-04 14:54:31.363] [error] mpd: Failed to connect to MPD: Connection refused
[2023-11-04 14:54:33.365] [error] mpd: Failed to connect to MPD: Connection refused
[2023-11-04 14:54:35.367] [error] mpd: Failed to connect to MPD: Connection refused
[2023-11-04 14:54:37.369] [error] mpd: Failed to connect to MPD: Connection refused
[2023-11-04 14:54:39.373] [error] mpd: Failed to connect to MPD: Connection refused
[2023-11-04 14:54:41.376] [error] mpd: Failed to connect to MPD: Connection refused
[2023-11-04 14:54:43.378] [error] mpd: Failed to connect to MPD: Connection refused
[2023-11-04 14:54:45.381] [error] mpd: Failed to connect to MPD: Connection refused
[2023-11-04 14:54:47.384] [error] mpd: Failed to connect to MPD: Connection refused
[2023-11-04 14:54:49.386] [error] mpd: Failed to connect to MPD: Connection refused
[2023-11-04 14:54:51.388] [error] mpd: Failed to connect to MPD: Connection refused
[2023-11-04 14:54:53.392] [error] mpd: Failed to connect to MPD: Connection refused
[2023-11-04 14:54:55.396] [error] mpd: Failed to connect to MPD: Connection refused
[2023-11-04 14:54:57.400] [error] mpd: Failed to connect to MPD: Connection refused
[2023-11-04 14:54:59.403] [error] mpd: Failed to connect to MPD: Connection refused
[2023-11-04 14:55:01.406] [error] mpd: Failed to connect to MPD: Connection refused
[2023-11-04 14:55:03.409] [error] mpd: Failed to connect to MPD: Connection refused
[2023-11-04 14:55:05.413] [error] mpd: Failed to connect to MPD: Connection refused
[2023-11-04 14:55:07.417] [error] mpd: Failed to connect to MPD: Connection refused
[2023-11-04 14:55:09.420] [error] mpd: Failed to connect to MPD: Connection refused
[2023-11-04 14:55:11.424] [error] mpd: Failed to connect to MPD: Connection refused
[2023-11-04 14:55:13.428] [error] mpd: Failed to connect to MPD: Connection refused
[2023-11-04 14:55:15.431] [error] mpd: Failed to connect to MPD: Connection refused
[2023-11-04 14:55:17.434] [error] mpd: Failed to connect to MPD: Connection refused
[2023-11-04 14:55:19.437] [error] mpd: Failed to connect to MPD: Connection refused
[2023-11-04 14:55:21.438] [error] mpd: Failed to connect to MPD: Connection refused
[2023-11-04 14:55:23.441] [error] mpd: Failed to connect to MPD: Connection refused
[2023-11-04 14:55:25.445] [error] mpd: Failed to connect to MPD: Connection refused
[2023-11-04 14:55:27.449] [error] mpd: Failed to connect to MPD: Connection refused
[2023-11-04 14:55:29.453] [error] mpd: Failed to connect to MPD: Connection refused
[2023-11-04 14:55:31.457] [error] mpd: Failed to connect to MPD: Connection refused
[2023-11-04 14:55:33.461] [error] mpd: Failed to connect to MPD: Connection refused
[2023-11-04 14:55:35.464] [error] mpd: Failed to connect to MPD: Connection refused
[2023-11-04 14:55:37.467] [error] mpd: Failed to connect to MPD: Connection refused
[2023-11-04 14:55:39.471] [error] mpd: Failed to connect to MPD: Connection refused
[2023-11-04 14:55:41.474] [error] mpd: Failed to connect to MPD: Connection refused
[2023-11-04 14:55:43.478] [error] mpd: Failed to connect to MPD: Connection refused
[2023-11-04 14:55:45.482] [error] mpd: Failed to connect to MPD: Connection refused
[2023-11-04 14:55:47.486] [error] mpd: Failed to connect to MPD: Connection refused
[2023-11-04 14:55:49.489] [error] mpd: Failed to connect to MPD: Connection refused
[2023-11-04 14:55:51.493] [error] mpd: Failed to connect to MPD: Connection refused
[2023-11-04 14:55:53.496] [error] mpd: Failed to connect to MPD: Connection refused
[2023-11-04 14:55:55.500] [error] mpd: Failed to connect to MPD: Connection refused
[2023-11-04 14:55:57.504] [error] mpd: Failed to connect to MPD: Connection refused
[2023-11-04 14:55:59.508] [error] mpd: Failed to connect to MPD: Connection refused
[2023-11-04 14:56:01.511] [error] mpd: Failed to connect to MPD: Connection refused
[2023-11-04 14:56:03.515] [error] mpd: Failed to connect to MPD: Connection refused
[2023-11-04 14:56:05.518] [error] mpd: Failed to connect to MPD: Connection refused
[2023-11-04 14:56:07.522] [error] mpd: Failed to connect to MPD: Connection refused
[2023-11-04 14:56:09.526] [error] mpd: Failed to connect to MPD: Connection refused
[2023-11-04 14:56:11.530] [error] mpd: Failed to connect to MPD: Connection refused
[2023-11-04 14:56:13.533] [error] mpd: Failed to connect to MPD: Connection refused
[2023-11-04 14:56:15.537] [error] mpd: Failed to connect to MPD: Connection refused
[2023-11-04 14:56:17.540] [error] mpd: Failed to connect to MPD: Connection refused
[2023-11-04 14:56:19.544] [error] mpd: Failed to connect to MPD: Connection refused
[2023-11-04 14:56:21.548] [error] mpd: Failed to connect to MPD: Connection refused
[2023-11-04 14:56:23.551] [error] mpd: Failed to connect to MPD: Connection refused
[2023-11-04 14:56:25.554] [error] mpd: Failed to connect to MPD: Connection refused
[2023-11-04 14:56:27.559] [error] mpd: Failed to connect to MPD: Connection refused
[2023-11-04 14:56:29.562] [error] mpd: Failed to connect to MPD: Connection refused
[2023-11-04 14:56:31.566] [error] mpd: Failed to connect to MPD: Connection refused
[2023-11-04 14:56:33.569] [error] mpd: Failed to connect to MPD: Connection refused
[2023-11-04 14:56:35.573] [error] mpd: Failed to connect to MPD: Connection refused
[2023-11-04 14:56:37.577] [error] mpd: Failed to connect to MPD: Connection refused
[2023-11-04 14:56:39.580] [error] mpd: Failed to connect to MPD: Connection refused
[2023-11-04 14:56:41.584] [error] mpd: Failed to connect to MPD: Connection refused
[2023-11-04 14:56:43.587] [error] mpd: Failed to connect to MPD: Connection refused
[2023-11-04 14:56:45.591] [error] mpd: Failed to connect to MPD: Connection refused
